2025-09-29 23:08:24,681 - INFO - GET / - Estado: API activa
2025-09-29 23:08:24,686 - INFO - POST /predict - Datos recibidos: {'radius_mean': 14.0, 'texture_mean': 20.0, 'perimeter_mean': 90.0, 'area_mean': 600.0, 'smoothness_mean': 0.1, 'compactness_mean': 0.2, 'concavity_mean': 0.1, 'concave_points_mean': 0.05, 'symmetry_mean': 0.2, 'fractal_dimension_mean': 0.06, 'radius_se': 0.5, 'texture_se': 1.0, 'perimeter_se': 3.0, 'area_se': 40.0, 'smoothness_se': 0.01, 'compactness_se': 0.02, 'concavity_se': 0.01, 'concave_points_se': 0.005, 'symmetry_se': 0.02, 'fractal_dimension_se': 0.003, 'radius_worst': 16.0, 'texture_worst': 25.0, 'perimeter_worst': 100.0, 'area_worst': 700.0, 'smoothness_worst': 0.15, 'compactness_worst': 0.3, 'concavity_worst': 0.2, 'concave_points_worst': 0.1, 'symmetry_worst': 0.3, 'fractal_dimension_worst': 0.07}
2025-09-29 23:08:24,722 - INFO - POST /predict - Respuesta enviada: {'prediction': 0, 'prediction_label': 'Benigno', 'probability': [0.8819166666666668, 0.11808333333333332]}
2025-09-29 23:08:24,727 - INFO - POST /predict - Datos recibidos: {'radius_mean': 14.0, 'perimeter_mean': 90.0, 'area_mean': 600.0, 'smoothness_mean': 0.1, 'compactness_mean': 0.2, 'concavity_mean': 0.1, 'concave_points_mean': 0.05, 'symmetry_mean': 0.2, 'fractal_dimension_mean': 0.06, 'radius_se': 0.5, 'texture_se': 1.0, 'perimeter_se': 3.0, 'area_se': 40.0, 'smoothness_se': 0.01, 'compactness_se': 0.02, 'concavity_se': 0.01, 'concave_points_se': 0.005, 'symmetry_se': 0.02, 'fractal_dimension_se': 0.003, 'radius_worst': 16.0, 'texture_worst': 25.0, 'perimeter_worst': 100.0, 'area_worst': 700.0, 'smoothness_worst': 0.15, 'compactness_worst': 0.3, 'concavity_worst': 0.2, 'concave_points_worst': 0.1, 'symmetry_worst': 0.3, 'fractal_dimension_worst': 0.07}
2025-09-29 23:08:24,728 - WARNING - POST /predict - Error de validación: 1 validation error for InputData
texture_mean
  Field required [type=missing, input_value={'radius_mean': 14.0, 'pe..._dimension_worst': 0.07}, input_type=dict]
    For further information visit https://errors.pydantic.dev/2.11/v/missing
2025-09-29 23:08:24,732 - INFO - POST /predict - Datos recibidos: {'radius_mean': 'no_es_numero', 'texture_mean': 20.0, 'perimeter_mean': 90.0, 'area_mean': 600.0, 'smoothness_mean': 0.1, 'compactness_mean': 0.2, 'concavity_mean': 0.1, 'concave_points_mean': 0.05, 'symmetry_mean': 0.2, 'fractal_dimension_mean': 0.06, 'radius_se': 0.5, 'texture_se': 1.0, 'perimeter_se': 3.0, 'area_se': 40.0, 'smoothness_se': 0.01, 'compactness_se': 0.02, 'concavity_se': 0.01, 'concave_points_se': 0.005, 'symmetry_se': 0.02, 'fractal_dimension_se': 0.003, 'radius_worst': 16.0, 'texture_worst': 25.0, 'perimeter_worst': 100.0, 'area_worst': 700.0, 'smoothness_worst': 0.15, 'compactness_worst': 0.3, 'concavity_worst': 0.2, 'concave_points_worst': 0.1, 'symmetry_worst': 0.3, 'fractal_dimension_worst': 0.07}
2025-09-29 23:08:24,733 - WARNING - POST /predict - Error de validación: 1 validation error for InputData
radius_mean
  Input should be a valid number, unable to parse string as a number [type=float_parsing, input_value='no_es_numero', input_type=str]
    For further information visit https://errors.pydantic.dev/2.11/v/float_parsing
2025-09-29 23:12:21,737 - INFO - GET / - Estado: API activa
2025-09-29 23:12:21,742 - INFO - POST /predict - Datos recibidos: {'radius_mean': 14.0, 'texture_mean': 20.0, 'perimeter_mean': 90.0, 'area_mean': 600.0, 'smoothness_mean': 0.1, 'compactness_mean': 0.2, 'concavity_mean': 0.1, 'concave_points_mean': 0.05, 'symmetry_mean': 0.2, 'fractal_dimension_mean': 0.06, 'radius_se': 0.5, 'texture_se': 1.0, 'perimeter_se': 3.0, 'area_se': 40.0, 'smoothness_se': 0.01, 'compactness_se': 0.02, 'concavity_se': 0.01, 'concave_points_se': 0.005, 'symmetry_se': 0.02, 'fractal_dimension_se': 0.003, 'radius_worst': 16.0, 'texture_worst': 25.0, 'perimeter_worst': 100.0, 'area_worst': 700.0, 'smoothness_worst': 0.15, 'compactness_worst': 0.3, 'concavity_worst': 0.2, 'concave_points_worst': 0.1, 'symmetry_worst': 0.3, 'fractal_dimension_worst': 0.07}
2025-09-29 23:12:21,761 - INFO - POST /predict - Respuesta enviada: {'prediction': 0, 'prediction_label': 'Benigno', 'probability': [0.8819166666666668, 0.11808333333333332]}
2025-09-29 23:12:21,766 - INFO - POST /predict - Datos recibidos: {'radius_mean': 14.0, 'perimeter_mean': 90.0, 'area_mean': 600.0, 'smoothness_mean': 0.1, 'compactness_mean': 0.2, 'concavity_mean': 0.1, 'concave_points_mean': 0.05, 'symmetry_mean': 0.2, 'fractal_dimension_mean': 0.06, 'radius_se': 0.5, 'texture_se': 1.0, 'perimeter_se': 3.0, 'area_se': 40.0, 'smoothness_se': 0.01, 'compactness_se': 0.02, 'concavity_se': 0.01, 'concave_points_se': 0.005, 'symmetry_se': 0.02, 'fractal_dimension_se': 0.003, 'radius_worst': 16.0, 'texture_worst': 25.0, 'perimeter_worst': 100.0, 'area_worst': 700.0, 'smoothness_worst': 0.15, 'compactness_worst': 0.3, 'concavity_worst': 0.2, 'concave_points_worst': 0.1, 'symmetry_worst': 0.3, 'fractal_dimension_worst': 0.07}
2025-09-29 23:12:21,766 - WARNING - POST /predict - Error de validación: 1 validation error for InputData
texture_mean
  Field required [type=missing, input_value={'radius_mean': 14.0, 'pe..._dimension_worst': 0.07}, input_type=dict]
    For further information visit https://errors.pydantic.dev/2.11/v/missing
2025-09-29 23:12:21,772 - INFO - POST /predict - Datos recibidos: {'radius_mean': 'no_es_numero', 'texture_mean': 20.0, 'perimeter_mean': 90.0, 'area_mean': 600.0, 'smoothness_mean': 0.1, 'compactness_mean': 0.2, 'concavity_mean': 0.1, 'concave_points_mean': 0.05, 'symmetry_mean': 0.2, 'fractal_dimension_mean': 0.06, 'radius_se': 0.5, 'texture_se': 1.0, 'perimeter_se': 3.0, 'area_se': 40.0, 'smoothness_se': 0.01, 'compactness_se': 0.02, 'concavity_se': 0.01, 'concave_points_se': 0.005, 'symmetry_se': 0.02, 'fractal_dimension_se': 0.003, 'radius_worst': 16.0, 'texture_worst': 25.0, 'perimeter_worst': 100.0, 'area_worst': 700.0, 'smoothness_worst': 0.15, 'compactness_worst': 0.3, 'concavity_worst': 0.2, 'concave_points_worst': 0.1, 'symmetry_worst': 0.3, 'fractal_dimension_worst': 0.07}
2025-09-29 23:12:21,772 - WARNING - POST /predict - Error de validación: 1 validation error for InputData
radius_mean
  Input should be a valid number, unable to parse string as a number [type=float_parsing, input_value='no_es_numero', input_type=str]
    For further information visit https://errors.pydantic.dev/2.11/v/float_parsing
2025-09-29 23:14:36,654 - INFO - GET / - Estado: API activa
2025-09-29 23:14:36,659 - INFO - POST /predict - Datos recibidos: {'radius_mean': 14.0, 'texture_mean': 20.0, 'perimeter_mean': 90.0, 'area_mean': 600.0, 'smoothness_mean': 0.1, 'compactness_mean': 0.2, 'concavity_mean': 0.1, 'concave_points_mean': 0.05, 'symmetry_mean': 0.2, 'fractal_dimension_mean': 0.06, 'radius_se': 0.5, 'texture_se': 1.0, 'perimeter_se': 3.0, 'area_se': 40.0, 'smoothness_se': 0.01, 'compactness_se': 0.02, 'concavity_se': 0.01, 'concave_points_se': 0.005, 'symmetry_se': 0.02, 'fractal_dimension_se': 0.003, 'radius_worst': 16.0, 'texture_worst': 25.0, 'perimeter_worst': 100.0, 'area_worst': 700.0, 'smoothness_worst': 0.15, 'compactness_worst': 0.3, 'concavity_worst': 0.2, 'concave_points_worst': 0.1, 'symmetry_worst': 0.3, 'fractal_dimension_worst': 0.07}
2025-09-29 23:14:36,683 - INFO - POST /predict - Respuesta enviada: {'prediction': 0, 'prediction_label': 'Benigno', 'probability': [0.8819166666666668, 0.11808333333333332]}
2025-09-29 23:14:36,688 - INFO - POST /predict - Datos recibidos: {'radius_mean': 14.0, 'perimeter_mean': 90.0, 'area_mean': 600.0, 'smoothness_mean': 0.1, 'compactness_mean': 0.2, 'concavity_mean': 0.1, 'concave_points_mean': 0.05, 'symmetry_mean': 0.2, 'fractal_dimension_mean': 0.06, 'radius_se': 0.5, 'texture_se': 1.0, 'perimeter_se': 3.0, 'area_se': 40.0, 'smoothness_se': 0.01, 'compactness_se': 0.02, 'concavity_se': 0.01, 'concave_points_se': 0.005, 'symmetry_se': 0.02, 'fractal_dimension_se': 0.003, 'radius_worst': 16.0, 'texture_worst': 25.0, 'perimeter_worst': 100.0, 'area_worst': 700.0, 'smoothness_worst': 0.15, 'compactness_worst': 0.3, 'concavity_worst': 0.2, 'concave_points_worst': 0.1, 'symmetry_worst': 0.3, 'fractal_dimension_worst': 0.07}
2025-09-29 23:14:36,689 - WARNING - POST /predict - Error de validación: 1 validation error for InputData
texture_mean
  Field required [type=missing, input_value={'radius_mean': 14.0, 'pe..._dimension_worst': 0.07}, input_type=dict]
    For further information visit https://errors.pydantic.dev/2.11/v/missing
2025-09-29 23:14:36,695 - INFO - POST /predict - Datos recibidos: {'radius_mean': 'no_es_numero', 'texture_mean': 20.0, 'perimeter_mean': 90.0, 'area_mean': 600.0, 'smoothness_mean': 0.1, 'compactness_mean': 0.2, 'concavity_mean': 0.1, 'concave_points_mean': 0.05, 'symmetry_mean': 0.2, 'fractal_dimension_mean': 0.06, 'radius_se': 0.5, 'texture_se': 1.0, 'perimeter_se': 3.0, 'area_se': 40.0, 'smoothness_se': 0.01, 'compactness_se': 0.02, 'concavity_se': 0.01, 'concave_points_se': 0.005, 'symmetry_se': 0.02, 'fractal_dimension_se': 0.003, 'radius_worst': 16.0, 'texture_worst': 25.0, 'perimeter_worst': 100.0, 'area_worst': 700.0, 'smoothness_worst': 0.15, 'compactness_worst': 0.3, 'concavity_worst': 0.2, 'concave_points_worst': 0.1, 'symmetry_worst': 0.3, 'fractal_dimension_worst': 0.07}
2025-09-29 23:14:36,695 - WARNING - POST /predict - Error de validación: 1 validation error for InputData
radius_mean
  Input should be a valid number, unable to parse string as a number [type=float_parsing, input_value='no_es_numero', input_type=str]
    For further information visit https://errors.pydantic.dev/2.11/v/float_parsing
2025-09-29 23:15:04,163 - INFO - GET / - Estado: API activa
2025-09-29 23:15:04,168 - INFO - POST /predict - Datos recibidos: {'radius_mean': 14.0, 'texture_mean': 20.0, 'perimeter_mean': 90.0, 'area_mean': 600.0, 'smoothness_mean': 0.1, 'compactness_mean': 0.2, 'concavity_mean': 0.1, 'concave_points_mean': 0.05, 'symmetry_mean': 0.2, 'fractal_dimension_mean': 0.06, 'radius_se': 0.5, 'texture_se': 1.0, 'perimeter_se': 3.0, 'area_se': 40.0, 'smoothness_se': 0.01, 'compactness_se': 0.02, 'concavity_se': 0.01, 'concave_points_se': 0.005, 'symmetry_se': 0.02, 'fractal_dimension_se': 0.003, 'radius_worst': 16.0, 'texture_worst': 25.0, 'perimeter_worst': 100.0, 'area_worst': 700.0, 'smoothness_worst': 0.15, 'compactness_worst': 0.3, 'concavity_worst': 0.2, 'concave_points_worst': 0.1, 'symmetry_worst': 0.3, 'fractal_dimension_worst': 0.07}
2025-09-29 23:15:04,187 - INFO - POST /predict - Respuesta enviada: {'prediction': 0, 'prediction_label': 'Benigno', 'probability': [0.8819166666666668, 0.11808333333333332]}
2025-09-29 23:15:04,193 - INFO - POST /predict - Datos recibidos: {'radius_mean': 14.0, 'perimeter_mean': 90.0, 'area_mean': 600.0, 'smoothness_mean': 0.1, 'compactness_mean': 0.2, 'concavity_mean': 0.1, 'concave_points_mean': 0.05, 'symmetry_mean': 0.2, 'fractal_dimension_mean': 0.06, 'radius_se': 0.5, 'texture_se': 1.0, 'perimeter_se': 3.0, 'area_se': 40.0, 'smoothness_se': 0.01, 'compactness_se': 0.02, 'concavity_se': 0.01, 'concave_points_se': 0.005, 'symmetry_se': 0.02, 'fractal_dimension_se': 0.003, 'radius_worst': 16.0, 'texture_worst': 25.0, 'perimeter_worst': 100.0, 'area_worst': 700.0, 'smoothness_worst': 0.15, 'compactness_worst': 0.3, 'concavity_worst': 0.2, 'concave_points_worst': 0.1, 'symmetry_worst': 0.3, 'fractal_dimension_worst': 0.07}
2025-09-29 23:15:04,193 - WARNING - POST /predict - Error de validación: 1 validation error for InputData
texture_mean
  Field required [type=missing, input_value={'radius_mean': 14.0, 'pe..._dimension_worst': 0.07}, input_type=dict]
    For further information visit https://errors.pydantic.dev/2.11/v/missing
2025-09-29 23:15:04,199 - INFO - POST /predict - Datos recibidos: {'radius_mean': 'no_es_numero', 'texture_mean': 20.0, 'perimeter_mean': 90.0, 'area_mean': 600.0, 'smoothness_mean': 0.1, 'compactness_mean': 0.2, 'concavity_mean': 0.1, 'concave_points_mean': 0.05, 'symmetry_mean': 0.2, 'fractal_dimension_mean': 0.06, 'radius_se': 0.5, 'texture_se': 1.0, 'perimeter_se': 3.0, 'area_se': 40.0, 'smoothness_se': 0.01, 'compactness_se': 0.02, 'concavity_se': 0.01, 'concave_points_se': 0.005, 'symmetry_se': 0.02, 'fractal_dimension_se': 0.003, 'radius_worst': 16.0, 'texture_worst': 25.0, 'perimeter_worst': 100.0, 'area_worst': 700.0, 'smoothness_worst': 0.15, 'compactness_worst': 0.3, 'concavity_worst': 0.2, 'concave_points_worst': 0.1, 'symmetry_worst': 0.3, 'fractal_dimension_worst': 0.07}
2025-09-29 23:15:04,200 - WARNING - POST /predict - Error de validación: 1 validation error for InputData
radius_mean
  Input should be a valid number, unable to parse string as a number [type=float_parsing, input_value='no_es_numero', input_type=str]
    For further information visit https://errors.pydantic.dev/2.11/v/float_parsing
2025-09-29 23:16:33,359 - INFO - GET / - Estado: API activa
2025-09-29 23:16:33,364 - INFO - POST /predict - Datos recibidos: {'radius_mean': 14.0, 'texture_mean': 20.0, 'perimeter_mean': 90.0, 'area_mean': 600.0, 'smoothness_mean': 0.1, 'compactness_mean': 0.2, 'concavity_mean': 0.1, 'concave_points_mean': 0.05, 'symmetry_mean': 0.2, 'fractal_dimension_mean': 0.06, 'radius_se': 0.5, 'texture_se': 1.0, 'perimeter_se': 3.0, 'area_se': 40.0, 'smoothness_se': 0.01, 'compactness_se': 0.02, 'concavity_se': 0.01, 'concave_points_se': 0.005, 'symmetry_se': 0.02, 'fractal_dimension_se': 0.003, 'radius_worst': 16.0, 'texture_worst': 25.0, 'perimeter_worst': 100.0, 'area_worst': 700.0, 'smoothness_worst': 0.15, 'compactness_worst': 0.3, 'concavity_worst': 0.2, 'concave_points_worst': 0.1, 'symmetry_worst': 0.3, 'fractal_dimension_worst': 0.07}
2025-09-29 23:16:33,386 - INFO - POST /predict - Respuesta enviada: {'prediction': 0, 'prediction_label': 'Benigno', 'probability': [0.8819166666666668, 0.11808333333333332]}
2025-09-29 23:16:33,392 - INFO - POST /predict - Datos recibidos: {'radius_mean': 14.0, 'perimeter_mean': 90.0, 'area_mean': 600.0, 'smoothness_mean': 0.1, 'compactness_mean': 0.2, 'concavity_mean': 0.1, 'concave_points_mean': 0.05, 'symmetry_mean': 0.2, 'fractal_dimension_mean': 0.06, 'radius_se': 0.5, 'texture_se': 1.0, 'perimeter_se': 3.0, 'area_se': 40.0, 'smoothness_se': 0.01, 'compactness_se': 0.02, 'concavity_se': 0.01, 'concave_points_se': 0.005, 'symmetry_se': 0.02, 'fractal_dimension_se': 0.003, 'radius_worst': 16.0, 'texture_worst': 25.0, 'perimeter_worst': 100.0, 'area_worst': 700.0, 'smoothness_worst': 0.15, 'compactness_worst': 0.3, 'concavity_worst': 0.2, 'concave_points_worst': 0.1, 'symmetry_worst': 0.3, 'fractal_dimension_worst': 0.07}
2025-09-29 23:16:33,392 - WARNING - POST /predict - Error de validación: 1 validation error for InputData
texture_mean
  Field required [type=missing, input_value={'radius_mean': 14.0, 'pe..._dimension_worst': 0.07}, input_type=dict]
    For further information visit https://errors.pydantic.dev/2.11/v/missing
2025-09-29 23:16:33,398 - INFO - POST /predict - Datos recibidos: {'radius_mean': 'no_es_numero', 'texture_mean': 20.0, 'perimeter_mean': 90.0, 'area_mean': 600.0, 'smoothness_mean': 0.1, 'compactness_mean': 0.2, 'concavity_mean': 0.1, 'concave_points_mean': 0.05, 'symmetry_mean': 0.2, 'fractal_dimension_mean': 0.06, 'radius_se': 0.5, 'texture_se': 1.0, 'perimeter_se': 3.0, 'area_se': 40.0, 'smoothness_se': 0.01, 'compactness_se': 0.02, 'concavity_se': 0.01, 'concave_points_se': 0.005, 'symmetry_se': 0.02, 'fractal_dimension_se': 0.003, 'radius_worst': 16.0, 'texture_worst': 25.0, 'perimeter_worst': 100.0, 'area_worst': 700.0, 'smoothness_worst': 0.15, 'compactness_worst': 0.3, 'concavity_worst': 0.2, 'concave_points_worst': 0.1, 'symmetry_worst': 0.3, 'fractal_dimension_worst': 0.07}
2025-09-29 23:16:33,398 - WARNING - POST /predict - Error de validación: 1 validation error for InputData
radius_mean
  Input should be a valid number, unable to parse string as a number [type=float_parsing, input_value='no_es_numero', input_type=str]
    For further information visit https://errors.pydantic.dev/2.11/v/float_parsing
2025-09-29 23:24:58,248 - INFO - GET / - Estado: API activa
2025-09-29 23:24:58,254 - INFO - POST /predict - Datos recibidos: {'radius_mean': 14.0, 'texture_mean': 20.0, 'perimeter_mean': 90.0, 'area_mean': 600.0, 'smoothness_mean': 0.1, 'compactness_mean': 0.2, 'concavity_mean': 0.1, 'concave_points_mean': 0.05, 'symmetry_mean': 0.2, 'fractal_dimension_mean': 0.06, 'radius_se': 0.5, 'texture_se': 1.0, 'perimeter_se': 3.0, 'area_se': 40.0, 'smoothness_se': 0.01, 'compactness_se': 0.02, 'concavity_se': 0.01, 'concave_points_se': 0.005, 'symmetry_se': 0.02, 'fractal_dimension_se': 0.003, 'radius_worst': 16.0, 'texture_worst': 25.0, 'perimeter_worst': 100.0, 'area_worst': 700.0, 'smoothness_worst': 0.15, 'compactness_worst': 0.3, 'concavity_worst': 0.2, 'concave_points_worst': 0.1, 'symmetry_worst': 0.3, 'fractal_dimension_worst': 0.07}
2025-09-29 23:24:58,278 - INFO - POST /predict - Respuesta enviada: {'prediction': 0, 'prediction_label': 'Benigno', 'probability': [0.8819166666666668, 0.11808333333333332]}
2025-09-29 23:24:58,282 - INFO - POST /predict - Datos recibidos: {'radius_mean': 14.0, 'perimeter_mean': 90.0, 'area_mean': 600.0, 'smoothness_mean': 0.1, 'compactness_mean': 0.2, 'concavity_mean': 0.1, 'concave_points_mean': 0.05, 'symmetry_mean': 0.2, 'fractal_dimension_mean': 0.06, 'radius_se': 0.5, 'texture_se': 1.0, 'perimeter_se': 3.0, 'area_se': 40.0, 'smoothness_se': 0.01, 'compactness_se': 0.02, 'concavity_se': 0.01, 'concave_points_se': 0.005, 'symmetry_se': 0.02, 'fractal_dimension_se': 0.003, 'radius_worst': 16.0, 'texture_worst': 25.0, 'perimeter_worst': 100.0, 'area_worst': 700.0, 'smoothness_worst': 0.15, 'compactness_worst': 0.3, 'concavity_worst': 0.2, 'concave_points_worst': 0.1, 'symmetry_worst': 0.3, 'fractal_dimension_worst': 0.07}
2025-09-29 23:24:58,283 - WARNING - POST /predict - Error de validación: 1 validation error for InputData
texture_mean
  Field required [type=missing, input_value={'radius_mean': 14.0, 'pe..._dimension_worst': 0.07}, input_type=dict]
    For further information visit https://errors.pydantic.dev/2.11/v/missing
2025-09-29 23:24:58,288 - INFO - POST /predict - Datos recibidos: {'radius_mean': 'no_es_numero', 'texture_mean': 20.0, 'perimeter_mean': 90.0, 'area_mean': 600.0, 'smoothness_mean': 0.1, 'compactness_mean': 0.2, 'concavity_mean': 0.1, 'concave_points_mean': 0.05, 'symmetry_mean': 0.2, 'fractal_dimension_mean': 0.06, 'radius_se': 0.5, 'texture_se': 1.0, 'perimeter_se': 3.0, 'area_se': 40.0, 'smoothness_se': 0.01, 'compactness_se': 0.02, 'concavity_se': 0.01, 'concave_points_se': 0.005, 'symmetry_se': 0.02, 'fractal_dimension_se': 0.003, 'radius_worst': 16.0, 'texture_worst': 25.0, 'perimeter_worst': 100.0, 'area_worst': 700.0, 'smoothness_worst': 0.15, 'compactness_worst': 0.3, 'concavity_worst': 0.2, 'concave_points_worst': 0.1, 'symmetry_worst': 0.3, 'fractal_dimension_worst': 0.07}
2025-09-29 23:24:58,289 - WARNING - POST /predict - Error de validación: 1 validation error for InputData
radius_mean
  Input should be a valid number, unable to parse string as a number [type=float_parsing, input_value='no_es_numero', input_type=str]
    For further information visit https://errors.pydantic.dev/2.11/v/float_parsing
